<?xml version="1.0" encoding="UTF-8"?>
<!-- Generated by org.testng.reporters.JUnitReportReporter -->
<testsuite skipped="0" hostname="DESKTOP-73BURMK" name="ReportUtility.TestLogin" tests="1" failures="0" timestamp="2019-12-26T18:17:53 IST" time="24.284" errors="0">
  <testcase name="SeleniumMasterLoginTest" time="24.284" classname="ReportUtility.TestLogin"/>
</testsuite> <!-- ReportUtility.TestLogin -->
