<?xml version="1.0" encoding="UTF-8"?>
<!-- Generated by org.testng.reporters.JUnitReportReporter -->
<testsuite skipped="413" hostname="DESKTOP-73BURMK" name="postBlo.fal" tests="414" failures="0" timestamp="2019-12-20T19:08:43 IST" time="2.512" errors="1">
  <testcase name="testMethod" time="0.000" classname="postBlo.fal">
    <skipped/>
  </testcase> <!-- testMethod -->
  <testcase name="testMethod" time="0.000" classname="postBlo.fal">
    <skipped/>
  </testcase> <!-- testMethod -->
  <testcase name="testMethod" time="0.000" classname="postBlo.fal">
    <skipped/>
  </testcase> <!-- testMethod -->
  <testcase name="testMethod" time="0.000" classname="postBlo.fal">
    <skipped/>
  </testcase> <!-- testMethod -->
  <testcase name="testMethod" time="0.000" classname="postBlo.fal">
    <skipped/>
  </testcase> <!-- testMethod -->
  <testcase name="testMethod" time="0.000" classname="postBlo.fal">
    <skipped/>
  </testcase> <!-- testMethod -->
  <testcase name="testMethod" time="0.000" classname="postBlo.fal">
    <skipped/>
  </testcase> <!-- testMethod -->
  <testcase name="testMethod" time="0.000" classname="postBlo.fal">
    <skipped/>
  </testcase> <!-- testMethod -->
  <testcase name="testMethod" time="0.000" classname="postBlo.fal">
    <skipped/>
  </testcase> <!-- testMethod -->
  <testcase name="testMethod" time="0.000" classname="postBlo.fal">
    <skipped/>
  </testcase> <!-- testMethod -->
  <testcase name="testMethod" time="0.000" classname="postBlo.fal">
    <skipped/>
  </testcase> <!-- testMethod -->
  <testcase name="testMethod" time="0.000" classname="postBlo.fal">
    <skipped/>
  </testcase> <!-- testMethod -->
  <testcase name="testMethod" time="0.000" classname="postBlo.fal">
    <skipped/>
  </testcase> <!-- testMethod -->
  <testcase name="testMethod" time="0.000" classname="postBlo.fal">
    <skipped/>
  </testcase> <!-- testMethod -->
  <testcase name="testMethod" time="0.000" classname="postBlo.fal">
    <skipped/>
  </testcase> <!-- testMethod -->
  <testcase name="testMethod" time="0.000" classname="postBlo.fal">
    <skipped/>
  </testcase> <!-- testMethod -->
  <testcase name="testMethod" time="0.000" classname="postBlo.fal">
    <skipped/>
  </testcase> <!-- testMethod -->
  <testcase name="testMethod" time="0.000" classname="postBlo.fal">
    <skipped/>
  </testcase> <!-- testMethod -->
  <testcase name="testMethod" time="0.000" classname="postBlo.fal">
    <skipped/>
  </testcase> <!-- testMethod -->
  <testcase name="testMethod" time="0.000" classname="postBlo.fal">
    <skipped/>
  </testcase> <!-- testMethod -->
  <testcase name="testMethod" time="0.000" classname="postBlo.fal">
    <skipped/>
  </testcase> <!-- testMethod -->
  <testcase name="testMethod" time="0.000" classname="postBlo.fal">
    <skipped/>
  </testcase> <!-- testMethod -->
  <testcase name="testMethod" time="0.000" classname="postBlo.fal">
    <skipped/>
  </testcase> <!-- testMethod -->
  <testcase name="testMethod" time="0.000" classname="postBlo.fal">
    <skipped/>
  </testcase> <!-- testMethod -->
  <testcase name="testMethod" time="0.000" classname="postBlo.fal">
    <skipped/>
  </testcase> <!-- testMethod -->
  <testcase name="testMethod" time="0.000" classname="postBlo.fal">
    <skipped/>
  </testcase> <!-- testMethod -->
  <testcase name="testMethod" time="0.000" classname="postBlo.fal">
    <skipped/>
  </testcase> <!-- testMethod -->
  <testcase name="testMethod" time="0.000" classname="postBlo.fal">
    <skipped/>
  </testcase> <!-- testMethod -->
  <testcase name="testMethod" time="0.000" classname="postBlo.fal">
    <skipped/>
  </testcase> <!-- testMethod -->
  <testcase name="testMethod" time="0.000" classname="postBlo.fal">
    <skipped/>
  </testcase> <!-- testMethod -->
  <testcase name="testMethod" time="0.000" classname="postBlo.fal">
    <skipped/>
  </testcase> <!-- testMethod -->
  <testcase name="testMethod" time="0.000" classname="postBlo.fal">
    <skipped/>
  </testcase> <!-- testMethod -->
  <testcase name="testMethod" time="0.000" classname="postBlo.fal">
    <skipped/>
  </testcase> <!-- testMethod -->
  <testcase name="testMethod" time="0.000" classname="postBlo.fal">
    <skipped/>
  </testcase> <!-- testMethod -->
  <testcase name="testMethod" time="0.000" classname="postBlo.fal">
    <skipped/>
  </testcase> <!-- testMethod -->
  <testcase name="testMethod" time="0.000" classname="postBlo.fal">
    <skipped/>
  </testcase> <!-- testMethod -->
  <testcase name="testMethod" time="0.000" classname="postBlo.fal">
    <skipped/>
  </testcase> <!-- testMethod -->
  <testcase name="testMethod" time="0.000" classname="postBlo.fal">
    <skipped/>
  </testcase> <!-- testMethod -->
  <testcase name="testMethod" time="0.000" classname="postBlo.fal">
    <skipped/>
  </testcase> <!-- testMethod -->
  <testcase name="testMethod" time="0.000" classname="postBlo.fal">
    <skipped/>
  </testcase> <!-- testMethod -->
  <testcase name="testMethod" time="0.000" classname="postBlo.fal">
    <skipped/>
  </testcase> <!-- testMethod -->
  <testcase name="testMethod" time="0.000" classname="postBlo.fal">
    <skipped/>
  </testcase> <!-- testMethod -->
  <testcase name="testMethod" time="0.000" classname="postBlo.fal">
    <skipped/>
  </testcase> <!-- testMethod -->
  <testcase name="testMethod" time="0.000" classname="postBlo.fal">
    <skipped/>
  </testcase> <!-- testMethod -->
  <testcase name="testMethod" time="0.000" classname="postBlo.fal">
    <skipped/>
  </testcase> <!-- testMethod -->
  <testcase name="testMethod" time="0.000" classname="postBlo.fal">
    <skipped/>
  </testcase> <!-- testMethod -->
  <testcase name="testMethod" time="0.000" classname="postBlo.fal">
    <skipped/>
  </testcase> <!-- testMethod -->
  <testcase name="testMethod" time="0.000" classname="postBlo.fal">
    <skipped/>
  </testcase> <!-- testMethod -->
  <testcase name="testMethod" time="0.000" classname="postBlo.fal">
    <skipped/>
  </testcase> <!-- testMethod -->
  <testcase name="testMethod" time="0.000" classname="postBlo.fal">
    <skipped/>
  </testcase> <!-- testMethod -->
  <testcase name="testMethod" time="0.000" classname="postBlo.fal">
    <skipped/>
  </testcase> <!-- testMethod -->
  <testcase name="testMethod" time="0.000" classname="postBlo.fal">
    <skipped/>
  </testcase> <!-- testMethod -->
  <testcase name="testMethod" time="0.000" classname="postBlo.fal">
    <skipped/>
  </testcase> <!-- testMethod -->
  <testcase name="testMethod" time="0.000" classname="postBlo.fal">
    <skipped/>
  </testcase> <!-- testMethod -->
  <testcase name="testMethod" time="0.000" classname="postBlo.fal">
    <skipped/>
  </testcase> <!-- testMethod -->
  <testcase name="testMethod" time="0.000" classname="postBlo.fal">
    <skipped/>
  </testcase> <!-- testMethod -->
  <testcase name="testMethod" time="0.000" classname="postBlo.fal">
    <skipped/>
  </testcase> <!-- testMethod -->
  <testcase name="testMethod" time="0.000" classname="postBlo.fal">
    <skipped/>
  </testcase> <!-- testMethod -->
  <testcase name="testMethod" time="0.000" classname="postBlo.fal">
    <skipped/>
  </testcase> <!-- testMethod -->
  <testcase name="testMethod" time="0.000" classname="postBlo.fal">
    <skipped/>
  </testcase> <!-- testMethod -->
  <testcase name="testMethod" time="0.000" classname="postBlo.fal">
    <skipped/>
  </testcase> <!-- testMethod -->
  <testcase name="testMethod" time="0.000" classname="postBlo.fal">
    <skipped/>
  </testcase> <!-- testMethod -->
  <testcase name="testMethod" time="0.000" classname="postBlo.fal">
    <skipped/>
  </testcase> <!-- testMethod -->
  <testcase name="testMethod" time="0.000" classname="postBlo.fal">
    <skipped/>
  </testcase> <!-- testMethod -->
  <testcase name="testMethod" time="0.000" classname="postBlo.fal">
    <skipped/>
  </testcase> <!-- testMethod -->
  <testcase name="testMethod" time="0.000" classname="postBlo.fal">
    <skipped/>
  </testcase> <!-- testMethod -->
  <testcase name="testMethod" time="0.000" classname="postBlo.fal">
    <skipped/>
  </testcase> <!-- testMethod -->
  <testcase name="testMethod" time="0.000" classname="postBlo.fal">
    <skipped/>
  </testcase> <!-- testMethod -->
  <testcase name="testMethod" time="0.000" classname="postBlo.fal">
    <skipped/>
  </testcase> <!-- testMethod -->
  <testcase name="testMethod" time="0.000" classname="postBlo.fal">
    <skipped/>
  </testcase> <!-- testMethod -->
  <testcase name="testMethod" time="0.000" classname="postBlo.fal">
    <skipped/>
  </testcase> <!-- testMethod -->
  <testcase name="testMethod" time="0.000" classname="postBlo.fal">
    <skipped/>
  </testcase> <!-- testMethod -->
  <testcase name="testMethod" time="0.000" classname="postBlo.fal">
    <skipped/>
  </testcase> <!-- testMethod -->
  <testcase name="testMethod" time="0.000" classname="postBlo.fal">
    <skipped/>
  </testcase> <!-- testMethod -->
  <testcase name="testMethod" time="0.000" classname="postBlo.fal">
    <skipped/>
  </testcase> <!-- testMethod -->
  <testcase name="testMethod" time="0.000" classname="postBlo.fal">
    <skipped/>
  </testcase> <!-- testMethod -->
  <testcase name="testMethod" time="0.000" classname="postBlo.fal">
    <skipped/>
  </testcase> <!-- testMethod -->
  <testcase name="testMethod" time="0.000" classname="postBlo.fal">
    <skipped/>
  </testcase> <!-- testMethod -->
  <testcase name="testMethod" time="0.000" classname="postBlo.fal">
    <skipped/>
  </testcase> <!-- testMethod -->
  <testcase name="testMethod" time="0.000" classname="postBlo.fal">
    <skipped/>
  </testcase> <!-- testMethod -->
  <testcase name="testMethod" time="0.000" classname="postBlo.fal">
    <skipped/>
  </testcase> <!-- testMethod -->
  <testcase name="testMethod" time="0.000" classname="postBlo.fal">
    <skipped/>
  </testcase> <!-- testMethod -->
  <testcase name="testMethod" time="0.000" classname="postBlo.fal">
    <skipped/>
  </testcase> <!-- testMethod -->
  <testcase name="testMethod" time="0.000" classname="postBlo.fal">
    <skipped/>
  </testcase> <!-- testMethod -->
  <testcase name="testMethod" time="0.000" classname="postBlo.fal">
    <skipped/>
  </testcase> <!-- testMethod -->
  <testcase name="testMethod" time="0.000" classname="postBlo.fal">
    <skipped/>
  </testcase> <!-- testMethod -->
  <testcase name="testMethod" time="0.000" classname="postBlo.fal">
    <skipped/>
  </testcase> <!-- testMethod -->
  <testcase name="testMethod" time="0.000" classname="postBlo.fal">
    <skipped/>
  </testcase> <!-- testMethod -->
  <testcase name="testMethod" time="0.000" classname="postBlo.fal">
    <skipped/>
  </testcase> <!-- testMethod -->
  <testcase name="testMethod" time="0.000" classname="postBlo.fal">
    <skipped/>
  </testcase> <!-- testMethod -->
  <testcase name="testMethod" time="0.000" classname="postBlo.fal">
    <skipped/>
  </testcase> <!-- testMethod -->
  <testcase name="testMethod" time="0.000" classname="postBlo.fal">
    <skipped/>
  </testcase> <!-- testMethod -->
  <testcase name="testMethod" time="0.000" classname="postBlo.fal">
    <skipped/>
  </testcase> <!-- testMethod -->
  <testcase name="testMethod" time="0.000" classname="postBlo.fal">
    <skipped/>
  </testcase> <!-- testMethod -->
  <testcase name="testMethod" time="0.000" classname="postBlo.fal">
    <skipped/>
  </testcase> <!-- testMethod -->
  <testcase name="testMethod" time="0.000" classname="postBlo.fal">
    <skipped/>
  </testcase> <!-- testMethod -->
  <testcase name="testMethod" time="0.000" classname="postBlo.fal">
    <skipped/>
  </testcase> <!-- testMethod -->
  <testcase name="testMethod" time="0.000" classname="postBlo.fal">
    <skipped/>
  </testcase> <!-- testMethod -->
  <testcase name="testMethod" time="0.000" classname="postBlo.fal">
    <skipped/>
  </testcase> <!-- testMethod -->
  <testcase name="testMethod" time="0.000" classname="postBlo.fal">
    <skipped/>
  </testcase> <!-- testMethod -->
  <testcase name="testMethod" time="0.000" classname="postBlo.fal">
    <skipped/>
  </testcase> <!-- testMethod -->
  <testcase name="testMethod" time="0.000" classname="postBlo.fal">
    <skipped/>
  </testcase> <!-- testMethod -->
  <testcase name="testMethod" time="0.000" classname="postBlo.fal">
    <skipped/>
  </testcase> <!-- testMethod -->
  <testcase name="testMethod" time="0.000" classname="postBlo.fal">
    <skipped/>
  </testcase> <!-- testMethod -->
  <testcase name="testMethod" time="0.000" classname="postBlo.fal">
    <skipped/>
  </testcase> <!-- testMethod -->
  <testcase name="testMethod" time="0.000" classname="postBlo.fal">
    <skipped/>
  </testcase> <!-- testMethod -->
  <testcase name="testMethod" time="0.000" classname="postBlo.fal">
    <skipped/>
  </testcase> <!-- testMethod -->
  <testcase name="testMethod" time="0.000" classname="postBlo.fal">
    <skipped/>
  </testcase> <!-- testMethod -->
  <testcase name="testMethod" time="0.000" classname="postBlo.fal">
    <skipped/>
  </testcase> <!-- testMethod -->
  <testcase name="testMethod" time="0.000" classname="postBlo.fal">
    <skipped/>
  </testcase> <!-- testMethod -->
  <testcase name="testMethod" time="0.000" classname="postBlo.fal">
    <skipped/>
  </testcase> <!-- testMethod -->
  <testcase name="testMethod" time="0.000" classname="postBlo.fal">
    <skipped/>
  </testcase> <!-- testMethod -->
  <testcase name="testMethod" time="0.000" classname="postBlo.fal">
    <skipped/>
  </testcase> <!-- testMethod -->
  <testcase name="testMethod" time="0.000" classname="postBlo.fal">
    <skipped/>
  </testcase> <!-- testMethod -->
  <testcase name="testMethod" time="0.000" classname="postBlo.fal">
    <skipped/>
  </testcase> <!-- testMethod -->
  <testcase name="testMethod" time="0.000" classname="postBlo.fal">
    <skipped/>
  </testcase> <!-- testMethod -->
  <testcase name="testMethod" time="0.000" classname="postBlo.fal">
    <skipped/>
  </testcase> <!-- testMethod -->
  <testcase name="testMethod" time="0.000" classname="postBlo.fal">
    <skipped/>
  </testcase> <!-- testMethod -->
  <testcase name="testMethod" time="0.000" classname="postBlo.fal">
    <skipped/>
  </testcase> <!-- testMethod -->
  <testcase name="testMethod" time="0.000" classname="postBlo.fal">
    <skipped/>
  </testcase> <!-- testMethod -->
  <testcase name="testMethod" time="0.000" classname="postBlo.fal">
    <skipped/>
  </testcase> <!-- testMethod -->
  <testcase name="testMethod" time="0.000" classname="postBlo.fal">
    <skipped/>
  </testcase> <!-- testMethod -->
  <testcase name="testMethod" time="0.000" classname="postBlo.fal">
    <skipped/>
  </testcase> <!-- testMethod -->
  <testcase name="testMethod" time="0.000" classname="postBlo.fal">
    <skipped/>
  </testcase> <!-- testMethod -->
  <testcase name="testMethod" time="0.000" classname="postBlo.fal">
    <skipped/>
  </testcase> <!-- testMethod -->
  <testcase name="testMethod" time="0.000" classname="postBlo.fal">
    <skipped/>
  </testcase> <!-- testMethod -->
  <testcase name="testMethod" time="0.000" classname="postBlo.fal">
    <skipped/>
  </testcase> <!-- testMethod -->
  <testcase name="testMethod" time="0.000" classname="postBlo.fal">
    <skipped/>
  </testcase> <!-- testMethod -->
  <testcase name="testMethod" time="0.000" classname="postBlo.fal">
    <skipped/>
  </testcase> <!-- testMethod -->
  <testcase name="testMethod" time="0.000" classname="postBlo.fal">
    <skipped/>
  </testcase> <!-- testMethod -->
  <testcase name="testMethod" time="0.000" classname="postBlo.fal">
    <skipped/>
  </testcase> <!-- testMethod -->
  <testcase name="testMethod" time="0.000" classname="postBlo.fal">
    <skipped/>
  </testcase> <!-- testMethod -->
  <testcase name="testMethod" time="0.000" classname="postBlo.fal">
    <skipped/>
  </testcase> <!-- testMethod -->
  <testcase name="testMethod" time="0.000" classname="postBlo.fal">
    <skipped/>
  </testcase> <!-- testMethod -->
  <testcase name="testMethod" time="0.000" classname="postBlo.fal">
    <skipped/>
  </testcase> <!-- testMethod -->
  <testcase name="testMethod" time="0.000" classname="postBlo.fal">
    <skipped/>
  </testcase> <!-- testMethod -->
  <testcase name="testMethod" time="0.000" classname="postBlo.fal">
    <skipped/>
  </testcase> <!-- testMethod -->
  <testcase name="testMethod" time="0.000" classname="postBlo.fal">
    <skipped/>
  </testcase> <!-- testMethod -->
  <testcase name="testMethod" time="0.000" classname="postBlo.fal">
    <skipped/>
  </testcase> <!-- testMethod -->
  <testcase name="testMethod" time="0.000" classname="postBlo.fal">
    <skipped/>
  </testcase> <!-- testMethod -->
  <testcase name="testMethod" time="0.000" classname="postBlo.fal">
    <skipped/>
  </testcase> <!-- testMethod -->
  <testcase name="testMethod" time="0.000" classname="postBlo.fal">
    <skipped/>
  </testcase> <!-- testMethod -->
  <testcase name="testMethod" time="0.000" classname="postBlo.fal">
    <skipped/>
  </testcase> <!-- testMethod -->
  <testcase name="testMethod" time="0.000" classname="postBlo.fal">
    <skipped/>
  </testcase> <!-- testMethod -->
  <testcase name="testMethod" time="0.000" classname="postBlo.fal">
    <skipped/>
  </testcase> <!-- testMethod -->
  <testcase name="testMethod" time="0.000" classname="postBlo.fal">
    <skipped/>
  </testcase> <!-- testMethod -->
  <testcase name="testMethod" time="0.000" classname="postBlo.fal">
    <skipped/>
  </testcase> <!-- testMethod -->
  <testcase name="testMethod" time="0.000" classname="postBlo.fal">
    <skipped/>
  </testcase> <!-- testMethod -->
  <testcase name="testMethod" time="0.000" classname="postBlo.fal">
    <skipped/>
  </testcase> <!-- testMethod -->
  <testcase name="testMethod" time="0.000" classname="postBlo.fal">
    <skipped/>
  </testcase> <!-- testMethod -->
  <testcase name="testMethod" time="0.000" classname="postBlo.fal">
    <skipped/>
  </testcase> <!-- testMethod -->
  <testcase name="testMethod" time="0.000" classname="postBlo.fal">
    <skipped/>
  </testcase> <!-- testMethod -->
  <testcase name="testMethod" time="0.000" classname="postBlo.fal">
    <skipped/>
  </testcase> <!-- testMethod -->
  <testcase name="testMethod" time="0.000" classname="postBlo.fal">
    <skipped/>
  </testcase> <!-- testMethod -->
  <testcase name="testMethod" time="0.000" classname="postBlo.fal">
    <skipped/>
  </testcase> <!-- testMethod -->
  <testcase name="testMethod" time="0.000" classname="postBlo.fal">
    <skipped/>
  </testcase> <!-- testMethod -->
  <testcase name="testMethod" time="0.000" classname="postBlo.fal">
    <skipped/>
  </testcase> <!-- testMethod -->
  <testcase name="testMethod" time="0.000" classname="postBlo.fal">
    <skipped/>
  </testcase> <!-- testMethod -->
  <testcase name="testMethod" time="0.000" classname="postBlo.fal">
    <skipped/>
  </testcase> <!-- testMethod -->
  <testcase name="testMethod" time="0.000" classname="postBlo.fal">
    <skipped/>
  </testcase> <!-- testMethod -->
  <testcase name="testMethod" time="0.000" classname="postBlo.fal">
    <skipped/>
  </testcase> <!-- testMethod -->
  <testcase name="testMethod" time="0.000" classname="postBlo.fal">
    <skipped/>
  </testcase> <!-- testMethod -->
  <testcase name="testMethod" time="0.000" classname="postBlo.fal">
    <skipped/>
  </testcase> <!-- testMethod -->
  <testcase name="testMethod" time="0.000" classname="postBlo.fal">
    <skipped/>
  </testcase> <!-- testMethod -->
  <testcase name="testMethod" time="0.000" classname="postBlo.fal">
    <skipped/>
  </testcase> <!-- testMethod -->
  <testcase name="testMethod" time="0.000" classname="postBlo.fal">
    <skipped/>
  </testcase> <!-- testMethod -->
  <testcase name="testMethod" time="0.000" classname="postBlo.fal">
    <skipped/>
  </testcase> <!-- testMethod -->
  <testcase name="testMethod" time="0.000" classname="postBlo.fal">
    <skipped/>
  </testcase> <!-- testMethod -->
  <testcase name="testMethod" time="0.000" classname="postBlo.fal">
    <skipped/>
  </testcase> <!-- testMethod -->
  <testcase name="testMethod" time="0.000" classname="postBlo.fal">
    <skipped/>
  </testcase> <!-- testMethod -->
  <testcase name="testMethod" time="0.000" classname="postBlo.fal">
    <skipped/>
  </testcase> <!-- testMethod -->
  <testcase name="testMethod" time="0.000" classname="postBlo.fal">
    <skipped/>
  </testcase> <!-- testMethod -->
  <testcase name="testMethod" time="0.000" classname="postBlo.fal">
    <skipped/>
  </testcase> <!-- testMethod -->
  <testcase name="testMethod" time="0.000" classname="postBlo.fal">
    <skipped/>
  </testcase> <!-- testMethod -->
  <testcase name="testMethod" time="0.000" classname="postBlo.fal">
    <skipped/>
  </testcase> <!-- testMethod -->
  <testcase name="testMethod" time="0.000" classname="postBlo.fal">
    <skipped/>
  </testcase> <!-- testMethod -->
  <testcase name="testMethod" time="0.000" classname="postBlo.fal">
    <skipped/>
  </testcase> <!-- testMethod -->
  <testcase name="testMethod" time="0.000" classname="postBlo.fal">
    <skipped/>
  </testcase> <!-- testMethod -->
  <testcase name="testMethod" time="0.000" classname="postBlo.fal">
    <skipped/>
  </testcase> <!-- testMethod -->
  <testcase name="testMethod" time="0.000" classname="postBlo.fal">
    <skipped/>
  </testcase> <!-- testMethod -->
  <testcase name="testMethod" time="0.000" classname="postBlo.fal">
    <skipped/>
  </testcase> <!-- testMethod -->
  <testcase name="testMethod" time="0.000" classname="postBlo.fal">
    <skipped/>
  </testcase> <!-- testMethod -->
  <testcase name="testMethod" time="0.000" classname="postBlo.fal">
    <skipped/>
  </testcase> <!-- testMethod -->
  <testcase name="testMethod" time="0.000" classname="postBlo.fal">
    <skipped/>
  </testcase> <!-- testMethod -->
  <testcase name="testMethod" time="0.000" classname="postBlo.fal">
    <skipped/>
  </testcase> <!-- testMethod -->
  <testcase name="testMethod" time="0.000" classname="postBlo.fal">
    <skipped/>
  </testcase> <!-- testMethod -->
  <testcase name="testMethod" time="0.000" classname="postBlo.fal">
    <skipped/>
  </testcase> <!-- testMethod -->
  <testcase name="testMethod" time="0.000" classname="postBlo.fal">
    <skipped/>
  </testcase> <!-- testMethod -->
  <testcase name="testMethod" time="0.001" classname="postBlo.fal">
    <skipped/>
  </testcase> <!-- testMethod -->
  <testcase name="testMethod" time="0.000" classname="postBlo.fal">
    <skipped/>
  </testcase> <!-- testMethod -->
  <testcase name="testMethod" time="0.000" classname="postBlo.fal">
    <skipped/>
  </testcase> <!-- testMethod -->
  <testcase name="testMethod" time="0.000" classname="postBlo.fal">
    <skipped/>
  </testcase> <!-- testMethod -->
  <testcase name="testMethod" time="0.000" classname="postBlo.fal">
    <skipped/>
  </testcase> <!-- testMethod -->
  <testcase name="testMethod" time="0.000" classname="postBlo.fal">
    <skipped/>
  </testcase> <!-- testMethod -->
  <testcase name="testMethod" time="0.000" classname="postBlo.fal">
    <skipped/>
  </testcase> <!-- testMethod -->
  <testcase name="testMethod" time="0.000" classname="postBlo.fal">
    <skipped/>
  </testcase> <!-- testMethod -->
  <testcase name="testMethod" time="0.000" classname="postBlo.fal">
    <skipped/>
  </testcase> <!-- testMethod -->
  <testcase name="testMethod" time="0.000" classname="postBlo.fal">
    <skipped/>
  </testcase> <!-- testMethod -->
  <testcase name="testMethod" time="0.000" classname="postBlo.fal">
    <skipped/>
  </testcase> <!-- testMethod -->
  <testcase name="testMethod" time="0.000" classname="postBlo.fal">
    <skipped/>
  </testcase> <!-- testMethod -->
  <testcase name="testMethod" time="0.000" classname="postBlo.fal">
    <skipped/>
  </testcase> <!-- testMethod -->
  <testcase name="testMethod" time="0.000" classname="postBlo.fal">
    <skipped/>
  </testcase> <!-- testMethod -->
  <testcase name="testMethod" time="0.000" classname="postBlo.fal">
    <skipped/>
  </testcase> <!-- testMethod -->
  <testcase name="testMethod" time="0.000" classname="postBlo.fal">
    <skipped/>
  </testcase> <!-- testMethod -->
  <testcase name="testMethod" time="0.000" classname="postBlo.fal">
    <skipped/>
  </testcase> <!-- testMethod -->
  <testcase name="testMethod" time="0.000" classname="postBlo.fal">
    <skipped/>
  </testcase> <!-- testMethod -->
  <testcase name="testMethod" time="0.000" classname="postBlo.fal">
    <skipped/>
  </testcase> <!-- testMethod -->
  <testcase name="testMethod" time="0.000" classname="postBlo.fal">
    <skipped/>
  </testcase> <!-- testMethod -->
  <testcase name="testMethod" time="0.000" classname="postBlo.fal">
    <skipped/>
  </testcase> <!-- testMethod -->
  <testcase name="testMethod" time="0.000" classname="postBlo.fal">
    <skipped/>
  </testcase> <!-- testMethod -->
  <testcase name="testMethod" time="0.000" classname="postBlo.fal">
    <skipped/>
  </testcase> <!-- testMethod -->
  <testcase name="testMethod" time="0.000" classname="postBlo.fal">
    <skipped/>
  </testcase> <!-- testMethod -->
  <testcase name="testMethod" time="0.000" classname="postBlo.fal">
    <skipped/>
  </testcase> <!-- testMethod -->
  <testcase name="testMethod" time="0.000" classname="postBlo.fal">
    <skipped/>
  </testcase> <!-- testMethod -->
  <testcase name="testMethod" time="0.000" classname="postBlo.fal">
    <skipped/>
  </testcase> <!-- testMethod -->
  <testcase name="testMethod" time="0.000" classname="postBlo.fal">
    <skipped/>
  </testcase> <!-- testMethod -->
  <testcase name="testMethod" time="0.000" classname="postBlo.fal">
    <skipped/>
  </testcase> <!-- testMethod -->
  <testcase name="testMethod" time="0.000" classname="postBlo.fal">
    <skipped/>
  </testcase> <!-- testMethod -->
  <testcase name="testMethod" time="0.000" classname="postBlo.fal">
    <skipped/>
  </testcase> <!-- testMethod -->
  <testcase name="testMethod" time="0.000" classname="postBlo.fal">
    <skipped/>
  </testcase> <!-- testMethod -->
  <testcase name="testMethod" time="0.000" classname="postBlo.fal">
    <skipped/>
  </testcase> <!-- testMethod -->
  <testcase name="testMethod" time="0.000" classname="postBlo.fal">
    <skipped/>
  </testcase> <!-- testMethod -->
  <testcase name="testMethod" time="0.000" classname="postBlo.fal">
    <skipped/>
  </testcase> <!-- testMethod -->
  <testcase name="testMethod" time="0.000" classname="postBlo.fal">
    <skipped/>
  </testcase> <!-- testMethod -->
  <testcase name="testMethod" time="0.000" classname="postBlo.fal">
    <skipped/>
  </testcase> <!-- testMethod -->
  <testcase name="testMethod" time="0.000" classname="postBlo.fal">
    <skipped/>
  </testcase> <!-- testMethod -->
  <testcase name="testMethod" time="0.000" classname="postBlo.fal">
    <skipped/>
  </testcase> <!-- testMethod -->
  <testcase name="testMethod" time="0.000" classname="postBlo.fal">
    <skipped/>
  </testcase> <!-- testMethod -->
  <testcase name="testMethod" time="0.000" classname="postBlo.fal">
    <skipped/>
  </testcase> <!-- testMethod -->
  <testcase name="testMethod" time="0.000" classname="postBlo.fal">
    <skipped/>
  </testcase> <!-- testMethod -->
  <testcase name="testMethod" time="0.000" classname="postBlo.fal">
    <skipped/>
  </testcase> <!-- testMethod -->
  <testcase name="testMethod" time="0.000" classname="postBlo.fal">
    <skipped/>
  </testcase> <!-- testMethod -->
  <testcase name="testMethod" time="0.000" classname="postBlo.fal">
    <skipped/>
  </testcase> <!-- testMethod -->
  <testcase name="testMethod" time="0.000" classname="postBlo.fal">
    <skipped/>
  </testcase> <!-- testMethod -->
  <testcase name="testMethod" time="0.000" classname="postBlo.fal">
    <skipped/>
  </testcase> <!-- testMethod -->
  <testcase name="testMethod" time="0.000" classname="postBlo.fal">
    <skipped/>
  </testcase> <!-- testMethod -->
  <testcase name="testMethod" time="0.000" classname="postBlo.fal">
    <skipped/>
  </testcase> <!-- testMethod -->
  <testcase name="testMethod" time="0.000" classname="postBlo.fal">
    <skipped/>
  </testcase> <!-- testMethod -->
  <testcase name="testMethod" time="0.000" classname="postBlo.fal">
    <skipped/>
  </testcase> <!-- testMethod -->
  <testcase name="testMethod" time="0.000" classname="postBlo.fal">
    <skipped/>
  </testcase> <!-- testMethod -->
  <testcase name="testMethod" time="0.000" classname="postBlo.fal">
    <skipped/>
  </testcase> <!-- testMethod -->
  <testcase name="testMethod" time="0.000" classname="postBlo.fal">
    <skipped/>
  </testcase> <!-- testMethod -->
  <testcase name="testMethod" time="0.000" classname="postBlo.fal">
    <skipped/>
  </testcase> <!-- testMethod -->
  <testcase name="testMethod" time="0.000" classname="postBlo.fal">
    <skipped/>
  </testcase> <!-- testMethod -->
  <testcase name="testMethod" time="0.000" classname="postBlo.fal">
    <skipped/>
  </testcase> <!-- testMethod -->
  <testcase name="testMethod" time="0.000" classname="postBlo.fal">
    <skipped/>
  </testcase> <!-- testMethod -->
  <testcase name="testMethod" time="0.000" classname="postBlo.fal">
    <skipped/>
  </testcase> <!-- testMethod -->
  <testcase name="testMethod" time="0.000" classname="postBlo.fal">
    <skipped/>
  </testcase> <!-- testMethod -->
  <testcase name="testMethod" time="0.000" classname="postBlo.fal">
    <skipped/>
  </testcase> <!-- testMethod -->
  <testcase name="testMethod" time="0.000" classname="postBlo.fal">
    <skipped/>
  </testcase> <!-- testMethod -->
  <testcase name="testMethod" time="0.000" classname="postBlo.fal">
    <skipped/>
  </testcase> <!-- testMethod -->
  <testcase name="testMethod" time="0.000" classname="postBlo.fal">
    <skipped/>
  </testcase> <!-- testMethod -->
  <testcase name="testMethod" time="0.000" classname="postBlo.fal">
    <skipped/>
  </testcase> <!-- testMethod -->
  <testcase name="testMethod" time="0.000" classname="postBlo.fal">
    <skipped/>
  </testcase> <!-- testMethod -->
  <testcase name="testMethod" time="0.000" classname="postBlo.fal">
    <skipped/>
  </testcase> <!-- testMethod -->
  <testcase name="testMethod" time="0.000" classname="postBlo.fal">
    <skipped/>
  </testcase> <!-- testMethod -->
  <testcase name="testMethod" time="0.000" classname="postBlo.fal">
    <skipped/>
  </testcase> <!-- testMethod -->
  <testcase name="testMethod" time="0.000" classname="postBlo.fal">
    <skipped/>
  </testcase> <!-- testMethod -->
  <testcase name="testMethod" time="0.000" classname="postBlo.fal">
    <skipped/>
  </testcase> <!-- testMethod -->
  <testcase name="testMethod" time="0.000" classname="postBlo.fal">
    <skipped/>
  </testcase> <!-- testMethod -->
  <testcase name="testMethod" time="0.000" classname="postBlo.fal">
    <skipped/>
  </testcase> <!-- testMethod -->
  <testcase name="testMethod" time="0.000" classname="postBlo.fal">
    <skipped/>
  </testcase> <!-- testMethod -->
  <testcase name="testMethod" time="0.000" classname="postBlo.fal">
    <skipped/>
  </testcase> <!-- testMethod -->
  <testcase name="testMethod" time="0.000" classname="postBlo.fal">
    <skipped/>
  </testcase> <!-- testMethod -->
  <testcase name="testMethod" time="0.000" classname="postBlo.fal">
    <skipped/>
  </testcase> <!-- testMethod -->
  <testcase name="testMethod" time="0.000" classname="postBlo.fal">
    <skipped/>
  </testcase> <!-- testMethod -->
  <testcase name="testMethod" time="0.000" classname="postBlo.fal">
    <skipped/>
  </testcase> <!-- testMethod -->
  <testcase name="testMethod" time="0.000" classname="postBlo.fal">
    <skipped/>
  </testcase> <!-- testMethod -->
  <testcase name="testMethod" time="0.000" classname="postBlo.fal">
    <skipped/>
  </testcase> <!-- testMethod -->
  <testcase name="testMethod" time="0.000" classname="postBlo.fal">
    <skipped/>
  </testcase> <!-- testMethod -->
  <testcase name="testMethod" time="0.000" classname="postBlo.fal">
    <skipped/>
  </testcase> <!-- testMethod -->
  <testcase name="testMethod" time="0.000" classname="postBlo.fal">
    <skipped/>
  </testcase> <!-- testMethod -->
  <testcase name="testMethod" time="0.000" classname="postBlo.fal">
    <skipped/>
  </testcase> <!-- testMethod -->
  <testcase name="testMethod" time="0.000" classname="postBlo.fal">
    <skipped/>
  </testcase> <!-- testMethod -->
  <testcase name="URLlanch" time="2.511" classname="postBlo.fal">
    <error type="org.openqa.selenium.SessionNotCreatedException" message="session not created: This version of ChromeDriver only supports Chrome version 77
Build info: version: &#039;3.141.59&#039;, revision: &#039;e82be7d358&#039;, time: &#039;2018-11-14T08:25:53&#039;
System info: host: &#039;DESKTOP-73BURMK&#039;, ip: &#039;10.0.0.20&#039;, os.name: &#039;Windows 10&#039;, os.arch: &#039;amd64&#039;, os.version: &#039;10.0&#039;, java.version: &#039;1.8.0_221&#039;
Driver info: driver.version: ChromeDriver
remote stacktrace: Backtrace:
	Ordinal0 [0x00B0EB13+1501971]
	Ordinal0 [0x00A8F6D1+980689]
	Ordinal0 [0x00A1765F+489055]
	Ordinal0 [0x009AF2F4+62196]
	Ordinal0 [0x009ABCDA+48346]
	Ordinal0 [0x009C9800+169984]
	Ordinal0 [0x009C942D+169005]
	Ordinal0 [0x009C78EB+162027]
	Ordinal0 [0x009B0AC7+68295]
	Ordinal0 [0x009B1B40+72512]
	Ordinal0 [0x009B1AD9+72409]
	Ordinal0 [0x00AA8F37+1085239]
	GetHandleVerifier [0x00BAD7ED+503293]
	GetHandleVerifier [0x00BAD580+502672]
	GetHandleVerifier [0x00BB46AC+531644]
	GetHandleVerifier [0x00BADFFA+505354]
	Ordinal0 [0x00AA0606+1050118]
	Ordinal0 [0x00AA047F+1049727]
	Ordinal0 [0x00AAAF9B+1093531]
	Ordinal0 [0x00AAB103+1093891]
	Ordinal0 [0x00AAA095+1089685]
	BaseThreadInitThunk [0x76586359+25]
	RtlGetAppContainerNamedObjectPath [0x77CD7B74+228]
	RtlGetAppContainerNamedObjectPath [0x77CD7B44+180]
">
      <![CDATA[org.openqa.selenium.SessionNotCreatedException: session not created: This version of ChromeDriver only supports Chrome version 77
Build info: version: '3.141.59', revision: 'e82be7d358', time: '2018-11-14T08:25:53'
System info: host: 'DESKTOP-73BURMK', ip: '10.0.0.20', os.name: 'Windows 10', os.arch: 'amd64', os.version: '10.0', java.version: '1.8.0_221'
Driver info: driver.version: ChromeDriver
remote stacktrace: Backtrace:
Ordinal0 [0x00B0EB13+1501971]
Ordinal0 [0x00A8F6D1+980689]
Ordinal0 [0x00A1765F+489055]
Ordinal0 [0x009AF2F4+62196]
Ordinal0 [0x009ABCDA+48346]
Ordinal0 [0x009C9800+169984]
Ordinal0 [0x009C942D+169005]
Ordinal0 [0x009C78EB+162027]
Ordinal0 [0x009B0AC7+68295]
Ordinal0 [0x009B1B40+72512]
Ordinal0 [0x009B1AD9+72409]
Ordinal0 [0x00AA8F37+1085239]
GetHandleVerifier [0x00BAD7ED+503293]
GetHandleVerifier [0x00BAD580+502672]
GetHandleVerifier [0x00BB46AC+531644]
GetHandleVerifier [0x00BADFFA+505354]
Ordinal0 [0x00AA0606+1050118]
Ordinal0 [0x00AA047F+1049727]
Ordinal0 [0x00AAAF9B+1093531]
Ordinal0 [0x00AAB103+1093891]
Ordinal0 [0x00AAA095+1089685]
BaseThreadInitThunk [0x76586359+25]
RtlGetAppContainerNamedObjectPath [0x77CD7B74+228]
RtlGetAppContainerNamedObjectPath [0x77CD7B44+180]

at sun.reflect.NativeConstructorAccessorImpl.newInstance0(Native Method)
at sun.reflect.NativeConstructorAccessorImpl.newInstance(Unknown Source)
at sun.reflect.DelegatingConstructorAccessorImpl.newInstance(Unknown Source)
at java.lang.reflect.Constructor.newInstance(Unknown Source)
at org.openqa.selenium.remote.W3CHandshakeResponse.lambda$errorHandler$0(W3CHandshakeResponse.java:62)
at org.openqa.selenium.remote.HandshakeResponse.lambda$getResponseFunction$0(HandshakeResponse.java:30)
at org.openqa.selenium.remote.ProtocolHandshake.lambda$createSession$0(ProtocolHandshake.java:126)
at java.util.stream.ReferencePipeline$3$1.accept(Unknown Source)
at java.util.Spliterators$ArraySpliterator.tryAdvance(Unknown Source)
at java.util.stream.ReferencePipeline.forEachWithCancel(Unknown Source)
at java.util.stream.AbstractPipeline.copyIntoWithCancel(Unknown Source)
at java.util.stream.AbstractPipeline.copyInto(Unknown Source)
at java.util.stream.AbstractPipeline.wrapAndCopyInto(Unknown Source)
at java.util.stream.FindOps$FindOp.evaluateSequential(Unknown Source)
at java.util.stream.AbstractPipeline.evaluate(Unknown Source)
at java.util.stream.ReferencePipeline.findFirst(Unknown Source)
at org.openqa.selenium.remote.ProtocolHandshake.createSession(ProtocolHandshake.java:128)
at org.openqa.selenium.remote.ProtocolHandshake.createSession(ProtocolHandshake.java:74)
at org.openqa.selenium.remote.HttpCommandExecutor.execute(HttpCommandExecutor.java:136)
at org.openqa.selenium.remote.service.DriverCommandExecutor.execute(DriverCommandExecutor.java:83)
at org.openqa.selenium.remote.RemoteWebDriver.execute(RemoteWebDriver.java:552)
at org.openqa.selenium.remote.RemoteWebDriver.startSession(RemoteWebDriver.java:213)
at org.openqa.selenium.remote.RemoteWebDriver.<init>(RemoteWebDriver.java:131)
at org.openqa.selenium.chrome.ChromeDriver.<init>(ChromeDriver.java:181)
at org.openqa.selenium.chrome.ChromeDriver.<init>(ChromeDriver.java:168)
at org.openqa.selenium.chrome.ChromeDriver.<init>(ChromeDriver.java:123)
at postBlo.fal.URLlanch(fal.java:43)
at sun.reflect.NativeMethodAccessorImpl.invoke0(Native Method)
at sun.reflect.NativeMethodAccessorImpl.invoke(Unknown Source)
at sun.reflect.DelegatingMethodAccessorImpl.invoke(Unknown Source)
at java.lang.reflect.Method.invoke(Unknown Source)
at org.testng.internal.MethodInvocationHelper.invokeMethod(MethodInvocationHelper.java:133)
at org.testng.internal.MethodInvocationHelper.invokeMethodConsideringTimeout(MethodInvocationHelper.java:62)
at org.testng.internal.ConfigInvoker.invokeConfigurationMethod(ConfigInvoker.java:340)
at org.testng.internal.ConfigInvoker.invokeConfigurations(ConfigInvoker.java:294)
at org.testng.TestRunner.invokeTestConfigurations(TestRunner.java:623)
at org.testng.TestRunner.beforeRun(TestRunner.java:613)
at org.testng.TestRunner.run(TestRunner.java:584)
at org.testng.SuiteRunner.runTest(SuiteRunner.java:402)
at org.testng.SuiteRunner.runSequentially(SuiteRunner.java:396)
at org.testng.SuiteRunner.privateRun(SuiteRunner.java:355)
at org.testng.SuiteRunner.run(SuiteRunner.java:304)
at org.testng.SuiteRunnerWorker.runSuite(SuiteRunnerWorker.java:53)
at org.testng.SuiteRunnerWorker.run(SuiteRunnerWorker.java:96)
at org.testng.TestNG.runSuitesSequentially(TestNG.java:1180)
at org.testng.TestNG.runSuitesLocally(TestNG.java:1102)
at org.testng.TestNG.runSuites(TestNG.java:1032)
at org.testng.TestNG.run(TestNG.java:1000)
at org.testng.remote.AbstractRemoteTestNG.run(AbstractRemoteTestNG.java:115)
at org.testng.remote.RemoteTestNG.initAndRun(RemoteTestNG.java:251)
at org.testng.remote.RemoteTestNG.main(RemoteTestNG.java:77)
]]>
    </error>
  </testcase> <!-- URLlanch -->
  <testcase name="testMethod" time="0.000" classname="postBlo.fal">
    <skipped/>
  </testcase> <!-- testMethod -->
  <testcase name="testMethod" time="0.000" classname="postBlo.fal">
    <skipped/>
  </testcase> <!-- testMethod -->
  <testcase name="testMethod" time="0.000" classname="postBlo.fal">
    <skipped/>
  </testcase> <!-- testMethod -->
  <testcase name="testMethod" time="0.000" classname="postBlo.fal">
    <skipped/>
  </testcase> <!-- testMethod -->
  <testcase name="testMethod" time="0.000" classname="postBlo.fal">
    <skipped/>
  </testcase> <!-- testMethod -->
  <testcase name="testMethod" time="0.000" classname="postBlo.fal">
    <skipped/>
  </testcase> <!-- testMethod -->
  <testcase name="testMethod" time="0.000" classname="postBlo.fal">
    <skipped/>
  </testcase> <!-- testMethod -->
  <testcase name="testMethod" time="0.000" classname="postBlo.fal">
    <skipped/>
  </testcase> <!-- testMethod -->
  <testcase name="testMethod" time="0.000" classname="postBlo.fal">
    <skipped/>
  </testcase> <!-- testMethod -->
  <testcase name="testMethod" time="0.000" classname="postBlo.fal">
    <skipped/>
  </testcase> <!-- testMethod -->
  <testcase name="testMethod" time="0.000" classname="postBlo.fal">
    <skipped/>
  </testcase> <!-- testMethod -->
  <testcase name="testMethod" time="0.000" classname="postBlo.fal">
    <skipped/>
  </testcase> <!-- testMethod -->
  <testcase name="testMethod" time="0.000" classname="postBlo.fal">
    <skipped/>
  </testcase> <!-- testMethod -->
  <testcase name="testMethod" time="0.000" classname="postBlo.fal">
    <skipped/>
  </testcase> <!-- testMethod -->
  <testcase name="testMethod" time="0.000" classname="postBlo.fal">
    <skipped/>
  </testcase> <!-- testMethod -->
  <testcase name="testMethod" time="0.000" classname="postBlo.fal">
    <skipped/>
  </testcase> <!-- testMethod -->
  <testcase name="testMethod" time="0.000" classname="postBlo.fal">
    <skipped/>
  </testcase> <!-- testMethod -->
  <testcase name="testMethod" time="0.000" classname="postBlo.fal">
    <skipped/>
  </testcase> <!-- testMethod -->
  <testcase name="testMethod" time="0.000" classname="postBlo.fal">
    <skipped/>
  </testcase> <!-- testMethod -->
  <testcase name="testMethod" time="0.000" classname="postBlo.fal">
    <skipped/>
  </testcase> <!-- testMethod -->
  <testcase name="testMethod" time="0.000" classname="postBlo.fal">
    <skipped/>
  </testcase> <!-- testMethod -->
  <testcase name="testMethod" time="0.000" classname="postBlo.fal">
    <skipped/>
  </testcase> <!-- testMethod -->
  <testcase name="testMethod" time="0.000" classname="postBlo.fal">
    <skipped/>
  </testcase> <!-- testMethod -->
  <testcase name="testMethod" time="0.000" classname="postBlo.fal">
    <skipped/>
  </testcase> <!-- testMethod -->
  <testcase name="testMethod" time="0.000" classname="postBlo.fal">
    <skipped/>
  </testcase> <!-- testMethod -->
  <testcase name="testMethod" time="0.000" classname="postBlo.fal">
    <skipped/>
  </testcase> <!-- testMethod -->
  <testcase name="testMethod" time="0.000" classname="postBlo.fal">
    <skipped/>
  </testcase> <!-- testMethod -->
  <testcase name="testMethod" time="0.000" classname="postBlo.fal">
    <skipped/>
  </testcase> <!-- testMethod -->
  <testcase name="testMethod" time="0.000" classname="postBlo.fal">
    <skipped/>
  </testcase> <!-- testMethod -->
  <testcase name="testMethod" time="0.000" classname="postBlo.fal">
    <skipped/>
  </testcase> <!-- testMethod -->
  <testcase name="testMethod" time="0.000" classname="postBlo.fal">
    <skipped/>
  </testcase> <!-- testMethod -->
  <testcase name="testMethod" time="0.000" classname="postBlo.fal">
    <skipped/>
  </testcase> <!-- testMethod -->
  <testcase name="testMethod" time="0.000" classname="postBlo.fal">
    <skipped/>
  </testcase> <!-- testMethod -->
  <testcase name="testMethod" time="0.000" classname="postBlo.fal">
    <skipped/>
  </testcase> <!-- testMethod -->
  <testcase name="testMethod" time="0.000" classname="postBlo.fal">
    <skipped/>
  </testcase> <!-- testMethod -->
  <testcase name="testMethod" time="0.000" classname="postBlo.fal">
    <skipped/>
  </testcase> <!-- testMethod -->
  <testcase name="testMethod" time="0.000" classname="postBlo.fal">
    <skipped/>
  </testcase> <!-- testMethod -->
  <testcase name="testMethod" time="0.000" classname="postBlo.fal">
    <skipped/>
  </testcase> <!-- testMethod -->
  <testcase name="testMethod" time="0.000" classname="postBlo.fal">
    <skipped/>
  </testcase> <!-- testMethod -->
  <testcase name="testMethod" time="0.000" classname="postBlo.fal">
    <skipped/>
  </testcase> <!-- testMethod -->
  <testcase name="testMethod" time="0.000" classname="postBlo.fal">
    <skipped/>
  </testcase> <!-- testMethod -->
  <testcase name="testMethod" time="0.000" classname="postBlo.fal">
    <skipped/>
  </testcase> <!-- testMethod -->
  <testcase name="testMethod" time="0.000" classname="postBlo.fal">
    <skipped/>
  </testcase> <!-- testMethod -->
  <testcase name="testMethod" time="0.000" classname="postBlo.fal">
    <skipped/>
  </testcase> <!-- testMethod -->
  <testcase name="testMethod" time="0.000" classname="postBlo.fal">
    <skipped/>
  </testcase> <!-- testMethod -->
  <testcase name="testMethod" time="0.000" classname="postBlo.fal">
    <skipped/>
  </testcase> <!-- testMethod -->
  <testcase name="testMethod" time="0.000" classname="postBlo.fal">
    <skipped/>
  </testcase> <!-- testMethod -->
  <testcase name="testMethod" time="0.000" classname="postBlo.fal">
    <skipped/>
  </testcase> <!-- testMethod -->
  <testcase name="testMethod" time="0.000" classname="postBlo.fal">
    <skipped/>
  </testcase> <!-- testMethod -->
  <testcase name="testMethod" time="0.000" classname="postBlo.fal">
    <skipped/>
  </testcase> <!-- testMethod -->
  <testcase name="testMethod" time="0.000" classname="postBlo.fal">
    <skipped/>
  </testcase> <!-- testMethod -->
  <testcase name="testMethod" time="0.000" classname="postBlo.fal">
    <skipped/>
  </testcase> <!-- testMethod -->
  <testcase name="testMethod" time="0.000" classname="postBlo.fal">
    <skipped/>
  </testcase> <!-- testMethod -->
  <testcase name="testMethod" time="0.000" classname="postBlo.fal">
    <skipped/>
  </testcase> <!-- testMethod -->
  <testcase name="testMethod" time="0.000" classname="postBlo.fal">
    <skipped/>
  </testcase> <!-- testMethod -->
  <testcase name="testMethod" time="0.000" classname="postBlo.fal">
    <skipped/>
  </testcase> <!-- testMethod -->
  <testcase name="testMethod" time="0.000" classname="postBlo.fal">
    <skipped/>
  </testcase> <!-- testMethod -->
  <testcase name="testMethod" time="0.000" classname="postBlo.fal">
    <skipped/>
  </testcase> <!-- testMethod -->
  <testcase name="testMethod" time="0.000" classname="postBlo.fal">
    <skipped/>
  </testcase> <!-- testMethod -->
  <testcase name="testMethod" time="0.000" classname="postBlo.fal">
    <skipped/>
  </testcase> <!-- testMethod -->
  <testcase name="testMethod" time="0.000" classname="postBlo.fal">
    <skipped/>
  </testcase> <!-- testMethod -->
  <testcase name="testMethod" time="0.000" classname="postBlo.fal">
    <skipped/>
  </testcase> <!-- testMethod -->
  <testcase name="testMethod" time="0.000" classname="postBlo.fal">
    <skipped/>
  </testcase> <!-- testMethod -->
  <testcase name="testMethod" time="0.000" classname="postBlo.fal">
    <skipped/>
  </testcase> <!-- testMethod -->
  <testcase name="testMethod" time="0.000" classname="postBlo.fal">
    <skipped/>
  </testcase> <!-- testMethod -->
  <testcase name="testMethod" time="0.000" classname="postBlo.fal">
    <skipped/>
  </testcase> <!-- testMethod -->
  <testcase name="testMethod" time="0.000" classname="postBlo.fal">
    <skipped/>
  </testcase> <!-- testMethod -->
  <testcase name="testMethod" time="0.000" classname="postBlo.fal">
    <skipped/>
  </testcase> <!-- testMethod -->
  <testcase name="testMethod" time="0.000" classname="postBlo.fal">
    <skipped/>
  </testcase> <!-- testMethod -->
  <testcase name="testMethod" time="0.000" classname="postBlo.fal">
    <skipped/>
  </testcase> <!-- testMethod -->
  <testcase name="testMethod" time="0.000" classname="postBlo.fal">
    <skipped/>
  </testcase> <!-- testMethod -->
  <testcase name="testMethod" time="0.000" classname="postBlo.fal">
    <skipped/>
  </testcase> <!-- testMethod -->
  <testcase name="testMethod" time="0.000" classname="postBlo.fal">
    <skipped/>
  </testcase> <!-- testMethod -->
  <testcase name="testMethod" time="0.000" classname="postBlo.fal">
    <skipped/>
  </testcase> <!-- testMethod -->
  <testcase name="testMethod" time="0.000" classname="postBlo.fal">
    <skipped/>
  </testcase> <!-- testMethod -->
  <testcase name="testMethod" time="0.000" classname="postBlo.fal">
    <skipped/>
  </testcase> <!-- testMethod -->
  <testcase name="testMethod" time="0.000" classname="postBlo.fal">
    <skipped/>
  </testcase> <!-- testMethod -->
  <testcase name="testMethod" time="0.000" classname="postBlo.fal">
    <skipped/>
  </testcase> <!-- testMethod -->
  <testcase name="testMethod" time="0.000" classname="postBlo.fal">
    <skipped/>
  </testcase> <!-- testMethod -->
  <testcase name="testMethod" time="0.000" classname="postBlo.fal">
    <skipped/>
  </testcase> <!-- testMethod -->
  <testcase name="testMethod" time="0.000" classname="postBlo.fal">
    <skipped/>
  </testcase> <!-- testMethod -->
  <testcase name="testMethod" time="0.000" classname="postBlo.fal">
    <skipped/>
  </testcase> <!-- testMethod -->
  <testcase name="testMethod" time="0.000" classname="postBlo.fal">
    <skipped/>
  </testcase> <!-- testMethod -->
  <testcase name="testMethod" time="0.000" classname="postBlo.fal">
    <skipped/>
  </testcase> <!-- testMethod -->
  <testcase name="testMethod" time="0.000" classname="postBlo.fal">
    <skipped/>
  </testcase> <!-- testMethod -->
  <testcase name="testMethod" time="0.000" classname="postBlo.fal">
    <skipped/>
  </testcase> <!-- testMethod -->
  <testcase name="testMethod" time="0.000" classname="postBlo.fal">
    <skipped/>
  </testcase> <!-- testMethod -->
  <testcase name="testMethod" time="0.000" classname="postBlo.fal">
    <skipped/>
  </testcase> <!-- testMethod -->
  <testcase name="testMethod" time="0.000" classname="postBlo.fal">
    <skipped/>
  </testcase> <!-- testMethod -->
  <testcase name="testMethod" time="0.000" classname="postBlo.fal">
    <skipped/>
  </testcase> <!-- testMethod -->
  <testcase name="testMethod" time="0.000" classname="postBlo.fal">
    <skipped/>
  </testcase> <!-- testMethod -->
  <testcase name="testMethod" time="0.000" classname="postBlo.fal">
    <skipped/>
  </testcase> <!-- testMethod -->
  <testcase name="testMethod" time="0.000" classname="postBlo.fal">
    <skipped/>
  </testcase> <!-- testMethod -->
  <testcase name="testMethod" time="0.000" classname="postBlo.fal">
    <skipped/>
  </testcase> <!-- testMethod -->
  <testcase name="testMethod" time="0.000" classname="postBlo.fal">
    <skipped/>
  </testcase> <!-- testMethod -->
  <testcase name="testMethod" time="0.000" classname="postBlo.fal">
    <skipped/>
  </testcase> <!-- testMethod -->
  <testcase name="testMethod" time="0.000" classname="postBlo.fal">
    <skipped/>
  </testcase> <!-- testMethod -->
  <testcase name="testMethod" time="0.000" classname="postBlo.fal">
    <skipped/>
  </testcase> <!-- testMethod -->
  <testcase name="testMethod" time="0.000" classname="postBlo.fal">
    <skipped/>
  </testcase> <!-- testMethod -->
  <testcase name="testMethod" time="0.000" classname="postBlo.fal">
    <skipped/>
  </testcase> <!-- testMethod -->
  <testcase name="testMethod" time="0.000" classname="postBlo.fal">
    <skipped/>
  </testcase> <!-- testMethod -->
  <testcase name="testMethod" time="0.000" classname="postBlo.fal">
    <skipped/>
  </testcase> <!-- testMethod -->
  <testcase name="testMethod" time="0.000" classname="postBlo.fal">
    <skipped/>
  </testcase> <!-- testMethod -->
  <testcase name="testMethod" time="0.000" classname="postBlo.fal">
    <skipped/>
  </testcase> <!-- testMethod -->
  <testcase name="testMethod" time="0.000" classname="postBlo.fal">
    <skipped/>
  </testcase> <!-- testMethod -->
  <testcase name="testMethod" time="0.000" classname="postBlo.fal">
    <skipped/>
  </testcase> <!-- testMethod -->
  <testcase name="testMethod" time="0.000" classname="postBlo.fal">
    <skipped/>
  </testcase> <!-- testMethod -->
  <testcase name="testMethod" time="0.000" classname="postBlo.fal">
    <skipped/>
  </testcase> <!-- testMethod -->
  <testcase name="testMethod" time="0.000" classname="postBlo.fal">
    <skipped/>
  </testcase> <!-- testMethod -->
  <testcase name="testMethod" time="0.000" classname="postBlo.fal">
    <skipped/>
  </testcase> <!-- testMethod -->
  <testcase name="testMethod" time="0.000" classname="postBlo.fal">
    <skipped/>
  </testcase> <!-- testMethod -->
  <testcase name="testMethod" time="0.000" classname="postBlo.fal">
    <skipped/>
  </testcase> <!-- testMethod -->
  <testcase name="testMethod" time="0.000" classname="postBlo.fal">
    <skipped/>
  </testcase> <!-- testMethod -->
  <testcase name="testMethod" time="0.000" classname="postBlo.fal">
    <skipped/>
  </testcase> <!-- testMethod -->
  <testcase name="testMethod" time="0.000" classname="postBlo.fal">
    <skipped/>
  </testcase> <!-- testMethod -->
  <testcase name="testMethod" time="0.000" classname="postBlo.fal">
    <skipped/>
  </testcase> <!-- testMethod -->
  <testcase name="testMethod" time="0.000" classname="postBlo.fal">
    <skipped/>
  </testcase> <!-- testMethod -->
  <testcase name="testMethod" time="0.000" classname="postBlo.fal">
    <skipped/>
  </testcase> <!-- testMethod -->
  <testcase name="testMethod" time="0.000" classname="postBlo.fal">
    <skipped/>
  </testcase> <!-- testMethod -->
  <testcase name="testMethod" time="0.000" classname="postBlo.fal">
    <skipped/>
  </testcase> <!-- testMethod -->
  <testcase name="testMethod" time="0.000" classname="postBlo.fal">
    <skipped/>
  </testcase> <!-- testMethod -->
  <testcase name="testMethod" time="0.000" classname="postBlo.fal">
    <skipped/>
  </testcase> <!-- testMethod -->
  <testcase name="testMethod" time="0.000" classname="postBlo.fal">
    <skipped/>
  </testcase> <!-- testMethod -->
  <testcase name="testMethod" time="0.000" classname="postBlo.fal">
    <skipped/>
  </testcase> <!-- testMethod -->
  <testcase name="testMethod" time="0.000" classname="postBlo.fal">
    <skipped/>
  </testcase> <!-- testMethod -->
  <testcase name="testMethod" time="0.000" classname="postBlo.fal">
    <skipped/>
  </testcase> <!-- testMethod -->
  <testcase name="testMethod" time="0.000" classname="postBlo.fal">
    <skipped/>
  </testcase> <!-- testMethod -->
  <testcase name="testMethod" time="0.000" classname="postBlo.fal">
    <skipped/>
  </testcase> <!-- testMethod -->
  <testcase name="testMethod" time="0.000" classname="postBlo.fal">
    <skipped/>
  </testcase> <!-- testMethod -->
  <testcase name="testMethod" time="0.000" classname="postBlo.fal">
    <skipped/>
  </testcase> <!-- testMethod -->
  <testcase name="testMethod" time="0.000" classname="postBlo.fal">
    <skipped/>
  </testcase> <!-- testMethod -->
  <testcase name="testMethod" time="0.000" classname="postBlo.fal">
    <skipped/>
  </testcase> <!-- testMethod -->
  <testcase name="testMethod" time="0.000" classname="postBlo.fal">
    <skipped/>
  </testcase> <!-- testMethod -->
  <testcase name="testMethod" time="0.000" classname="postBlo.fal">
    <skipped/>
  </testcase> <!-- testMethod -->
  <testcase name="testMethod" time="0.000" classname="postBlo.fal">
    <skipped/>
  </testcase> <!-- testMethod -->
  <testcase name="testMethod" time="0.000" classname="postBlo.fal">
    <skipped/>
  </testcase> <!-- testMethod -->
  <testcase name="testMethod" time="0.000" classname="postBlo.fal">
    <skipped/>
  </testcase> <!-- testMethod -->
  <testcase name="testMethod" time="0.000" classname="postBlo.fal">
    <skipped/>
  </testcase> <!-- testMethod -->
  <testcase name="testMethod" time="0.000" classname="postBlo.fal">
    <skipped/>
  </testcase> <!-- testMethod -->
</testsuite> <!-- postBlo.fal -->
